Compiling the CXX compiler identification source file "CMakeCXXCompilerId.cpp" failed.
Compiler: /Library/Developer/CommandLineTools/usr/bin/c++ 
Build flags: 
Id flags:  

The output was:
1
ld: library not found for -lc++
clang: error: linker command failed with exit code 1 (use -v to see invocation)


Compiling the OBJCXX compiler identification source file "CMakeOBJCXXCompilerId.mm" failed.
Compiler: /Applications/Xcode.app/Contents/Developer/Toolchains/XcodeDefault.xctoolchain/usr/bin/clang++ 
Build flags: 
Id flags:  

The output was:
1
ld: library not found for -lc++
clang: error: linker command failed with exit code 1 (use -v to see invocation)


Performing C++ SOURCE FILE Test HAVE_LD_VERSION_SCRIPT failed with the following output:
Change Dir: /Users/valerij/Desktop/cpp-starter-project/build/CMakeFiles/CMakeTmp

Run Build Command(s):/usr/local/bin/ninja cmTC_f845c && [1/2  50% :: 0.038] Building CXX object CMakeFiles/cmTC_f845c.dir/src.cxx.o
clang: warning: -Wl,--version-script=/Users/valerij/Desktop/cpp-starter-project/build/external/qt5/qtbase/version_flag.map: 'linker' input unused [-Wunused-command-line-argument]
[2/2 100% :: 0.059] Linking CXX executable cmTC_f845c
FAILED: cmTC_f845c 
: && /Library/Developer/CommandLineTools/usr/bin/c++ -Wl,--version-script="/Users/valerij/Desktop/cpp-starter-project/build/external/qt5/qtbase/version_flag.map" -isysroot /Library/Developer/CommandLineTools/SDKs/MacOSX11.0.sdk -Wl,-search_paths_first -Wl,-headerpad_max_install_names  CMakeFiles/cmTC_f845c.dir/src.cxx.o -o cmTC_f845c   && :
ld: unknown option: --version-script=/Users/valerij/Desktop/cpp-starter-project/build/external/qt5/qtbase/version_flag.map
clang: error: linker command failed with exit code 1 (use -v to see invocation)
ninja: build stopped: subcommand failed.


Source file was:
int main(void){return 0;}
Performing C++ SOURCE FILE Test HAVE_precompile_header failed with the following output:
Change Dir: /Users/valerij/Desktop/cpp-starter-project/build/CMakeFiles/CMakeTmp

Run Build Command(s):/usr/local/bin/ninja cmTC_d7763 && [1/2  50% :: 0.026] Building CXX object CMakeFiles/cmTC_d7763.dir/src.cxx.o
FAILED: CMakeFiles/cmTC_d7763.dir/src.cxx.o 
/Library/Developer/CommandLineTools/usr/bin/c++ -DHAVE_precompile_header  -isysroot /Library/Developer/CommandLineTools/SDKs/MacOSX11.0.sdk -fPIE -std=gnu++17 -MD -MT CMakeFiles/cmTC_d7763.dir/src.cxx.o -MF CMakeFiles/cmTC_d7763.dir/src.cxx.o.d -o CMakeFiles/cmTC_d7763.dir/src.cxx.o -c src.cxx
src.cxx:2:2: error: no go
#error no go
 ^
1 error generated.
ninja: build stopped: subcommand failed.


Source file was:
 #ifndef HEADER_H
#error no go
#endif

int main(void)
{
    /* BEGIN TEST: */
    /* END TEST: */
    return 0;
}

Performing C++ SOURCE FILE Test TEST_enable_new_dtags failed with the following output:
Change Dir: /Users/valerij/Desktop/cpp-starter-project/build/CMakeFiles/CMakeTmp

Run Build Command(s):/usr/local/bin/ninja cmTC_dcc57 && [1/2  50% :: 0.031] Building CXX object CMakeFiles/cmTC_dcc57.dir/src.cxx.o
[2/2 100% :: 0.051] Linking CXX executable cmTC_dcc57
FAILED: cmTC_dcc57 
: && /Library/Developer/CommandLineTools/usr/bin/c++ -isysroot /Library/Developer/CommandLineTools/SDKs/MacOSX11.0.sdk -Wl,-search_paths_first -Wl,-headerpad_max_install_names -Wl,--enable-new-dtags CMakeFiles/cmTC_dcc57.dir/src.cxx.o -o cmTC_dcc57   && :
ld: unknown option: --enable-new-dtags
clang: error: linker command failed with exit code 1 (use -v to see invocation)
ninja: build stopped: subcommand failed.


Source file was:
int main() { return 0; }
Performing C++ SOURCE FILE Test TEST_gdb_index failed with the following output:
Change Dir: /Users/valerij/Desktop/cpp-starter-project/build/CMakeFiles/CMakeTmp

Run Build Command(s):/usr/local/bin/ninja cmTC_cdf4d && [1/2  50% :: 0.033] Building CXX object CMakeFiles/cmTC_cdf4d.dir/src.cxx.o
[2/2 100% :: 0.049] Linking CXX executable cmTC_cdf4d
FAILED: cmTC_cdf4d 
: && /Library/Developer/CommandLineTools/usr/bin/c++ -isysroot /Library/Developer/CommandLineTools/SDKs/MacOSX11.0.sdk -Wl,-search_paths_first -Wl,-headerpad_max_install_names -Wl,--gdb-index CMakeFiles/cmTC_cdf4d.dir/src.cxx.o -o cmTC_cdf4d   && :
ld: unknown option: --gdb-index
clang: error: linker command failed with exit code 1 (use -v to see invocation)
ninja: build stopped: subcommand failed.


Source file was:
int main() { return 0; }
Performing C++ SOURCE FILE Test HAVE_posix_fallocate failed with the following output:
Change Dir: /Users/valerij/Desktop/cpp-starter-project/build/CMakeFiles/CMakeTmp

Run Build Command(s):/usr/local/bin/ninja cmTC_147ce && [1/2  50% :: 0.090] Building CXX object CMakeFiles/cmTC_147ce.dir/src.cxx.o
FAILED: CMakeFiles/cmTC_147ce.dir/src.cxx.o 
/Library/Developer/CommandLineTools/usr/bin/c++ -DHAVE_posix_fallocate  -isysroot /Library/Developer/CommandLineTools/SDKs/MacOSX11.0.sdk -fPIE -std=gnu++17 -MD -MT CMakeFiles/cmTC_147ce.dir/src.cxx.o -MF CMakeFiles/cmTC_147ce.dir/src.cxx.o.d -o CMakeFiles/cmTC_147ce.dir/src.cxx.o -c src.cxx
src.cxx:7:8: error: use of undeclared identifier 'posix_fallocate'
(void) posix_fallocate(0, 0, 0);
       ^
1 error generated.
ninja: build stopped: subcommand failed.


Source file was:
 #include <fcntl.h>
#include <unistd.h>

int main(void)
{
    /* BEGIN TEST: */
(void) posix_fallocate(0, 0, 0);
    /* END TEST: */
    return 0;
}

Performing C++ SOURCE FILE Test HAVE_alloca_malloc_h failed with the following output:
Change Dir: /Users/valerij/Desktop/cpp-starter-project/build/CMakeFiles/CMakeTmp

Run Build Command(s):/usr/local/bin/ninja cmTC_b4917 && [1/2  50% :: 0.025] Building CXX object CMakeFiles/cmTC_b4917.dir/src.cxx.o
FAILED: CMakeFiles/cmTC_b4917.dir/src.cxx.o 
/Library/Developer/CommandLineTools/usr/bin/c++ -DHAVE_alloca_malloc_h  -isysroot /Library/Developer/CommandLineTools/SDKs/MacOSX11.0.sdk -fPIE -std=gnu++17 -MD -MT CMakeFiles/cmTC_b4917.dir/src.cxx.o -MF CMakeFiles/cmTC_b4917.dir/src.cxx.o.d -o CMakeFiles/cmTC_b4917.dir/src.cxx.o -c src.cxx
src.cxx:1:11: fatal error: 'malloc.h' file not found
 #include <malloc.h>
          ^~~~~~~~~~
1 error generated.
ninja: build stopped: subcommand failed.


Source file was:
 #include <malloc.h>

int main(void)
{
    /* BEGIN TEST: */
alloca(1);
    /* END TEST: */
    return 0;
}

Performing C++ SOURCE FILE Test HAVE_intelcet failed with the following output:
Change Dir: /Users/valerij/Desktop/cpp-starter-project/build/CMakeFiles/CMakeTmp

Run Build Command(s):/usr/local/bin/ninja cmTC_b7cf9 && [1/2  50% :: 0.023] Building CXX object CMakeFiles/cmTC_b7cf9.dir/src.cxx.o
FAILED: CMakeFiles/cmTC_b7cf9.dir/src.cxx.o 
/Library/Developer/CommandLineTools/usr/bin/c++ -DHAVE_intelcet  -isysroot /Library/Developer/CommandLineTools/SDKs/MacOSX11.0.sdk -fPIE -std=gnu++17 -MD -MT CMakeFiles/cmTC_b7cf9.dir/src.cxx.o -MF CMakeFiles/cmTC_b7cf9.dir/src.cxx.o.d -o CMakeFiles/cmTC_b7cf9.dir/src.cxx.o -c src.cxx
src.cxx:5:4: error: Intel CET not available
#  error Intel CET not available
   ^
1 error generated.
ninja: build stopped: subcommand failed.


Source file was:
 int main(void)
{
    /* BEGIN TEST: */
#if !defined(__CET__)
#  error Intel CET not available
#endif
    /* END TEST: */
    return 0;
}

Performing C++ SOURCE FILE Test HAVE_clock_monotonic failed with the following output:
Change Dir: /Users/valerij/Desktop/cpp-starter-project/build/CMakeFiles/CMakeTmp

Run Build Command(s):/usr/local/bin/ninja cmTC_0cf5a && [1/2  50% :: 0.036] Building CXX object CMakeFiles/cmTC_0cf5a.dir/src.cxx.o
FAILED: CMakeFiles/cmTC_0cf5a.dir/src.cxx.o 
/Library/Developer/CommandLineTools/usr/bin/c++ -DHAVE_clock_monotonic  -isysroot /Library/Developer/CommandLineTools/SDKs/MacOSX11.0.sdk -fPIE -std=gnu++17 -MD -MT CMakeFiles/cmTC_0cf5a.dir/src.cxx.o -MF CMakeFiles/cmTC_0cf5a.dir/src.cxx.o.d -o CMakeFiles/cmTC_0cf5a.dir/src.cxx.o -c src.cxx
src.cxx:11:4: error: Feature _POSIX_MONOTONIC_CLOCK not available
#  error Feature _POSIX_MONOTONIC_CLOCK not available
   ^
1 error generated.
ninja: build stopped: subcommand failed.


Source file was:
 #include <unistd.h>
#include <time.h>

int main(void)
{
    /* BEGIN TEST: */
#if defined(_POSIX_MONOTONIC_CLOCK) && (_POSIX_MONOTONIC_CLOCK-0 >= 0)
timespec ts;
clock_gettime(CLOCK_MONOTONIC, &ts);
#else
#  error Feature _POSIX_MONOTONIC_CLOCK not available
#endif
    /* END TEST: */
    return 0;
}

Performing C++ SOURCE FILE Test HAVE_cloexec failed with the following output:
Change Dir: /Users/valerij/Desktop/cpp-starter-project/build/CMakeFiles/CMakeTmp

Run Build Command(s):/usr/local/bin/ninja cmTC_7314f && [1/2  50% :: 0.075] Building CXX object CMakeFiles/cmTC_7314f.dir/src.cxx.o
FAILED: CMakeFiles/cmTC_7314f.dir/src.cxx.o 
/Library/Developer/CommandLineTools/usr/bin/c++ -DHAVE_cloexec  -isysroot /Library/Developer/CommandLineTools/SDKs/MacOSX11.0.sdk -fPIE -std=gnu++17 -MD -MT CMakeFiles/cmTC_7314f.dir/src.cxx.o -MF CMakeFiles/cmTC_7314f.dir/src.cxx.o.d -o CMakeFiles/cmTC_7314f.dir/src.cxx.o -c src.cxx
src.cxx:11:8: error: use of undeclared identifier 'pipe2'
(void) pipe2(pipes, O_CLOEXEC | O_NONBLOCK);
       ^
src.cxx:13:8: error: use of undeclared identifier 'dup3'
(void) dup3(0, 3, O_CLOEXEC);
       ^
src.cxx:17:25: error: use of undeclared identifier 'SOCK_CLOEXEC'
(void) accept4(0, 0, 0, SOCK_CLOEXEC | SOCK_NONBLOCK);
                        ^
src.cxx:17:40: error: use of undeclared identifier 'SOCK_NONBLOCK'
(void) accept4(0, 0, 0, SOCK_CLOEXEC | SOCK_NONBLOCK);
                                       ^
4 errors generated.
ninja: build stopped: subcommand failed.


Source file was:
 #define _GNU_SOURCE 1
#include <sys/types.h>
#include <sys/socket.h>
#include <fcntl.h>
#include <unistd.h>

int main(void)
{
    /* BEGIN TEST: */
int pipes[2];
(void) pipe2(pipes, O_CLOEXEC | O_NONBLOCK);
(void) fcntl(0, F_DUPFD_CLOEXEC, 0);
(void) dup3(0, 3, O_CLOEXEC);
#if defined(__NetBSD__)
(void) paccept(0, 0, 0, NULL, SOCK_CLOEXEC | SOCK_NONBLOCK);
#else
(void) accept4(0, 0, 0, SOCK_CLOEXEC | SOCK_NONBLOCK);
#endif
    /* END TEST: */
    return 0;
}

Performing C++ SOURCE FILE Test HAVE_eventfd failed with the following output:
Change Dir: /Users/valerij/Desktop/cpp-starter-project/build/CMakeFiles/CMakeTmp

Run Build Command(s):/usr/local/bin/ninja cmTC_8588c && [1/2  50% :: 0.031] Building CXX object CMakeFiles/cmTC_8588c.dir/src.cxx.o
FAILED: CMakeFiles/cmTC_8588c.dir/src.cxx.o 
/Library/Developer/CommandLineTools/usr/bin/c++ -DHAVE_eventfd  -isysroot /Library/Developer/CommandLineTools/SDKs/MacOSX11.0.sdk -fPIE -std=gnu++17 -MD -MT CMakeFiles/cmTC_8588c.dir/src.cxx.o -MF CMakeFiles/cmTC_8588c.dir/src.cxx.o.d -o CMakeFiles/cmTC_8588c.dir/src.cxx.o -c src.cxx
src.cxx:1:11: fatal error: 'sys/eventfd.h' file not found
 #include <sys/eventfd.h>
          ^~~~~~~~~~~~~~~
1 error generated.
ninja: build stopped: subcommand failed.


Source file was:
 #include <sys/eventfd.h>

int main(void)
{
    /* BEGIN TEST: */
eventfd_t value;
int fd = eventfd(0, EFD_CLOEXEC);
eventfd_read(fd, &value);
eventfd_write(fd, value);
    /* END TEST: */
    return 0;
}

Performing C++ SOURCE FILE Test HAVE_getauxval failed with the following output:
Change Dir: /Users/valerij/Desktop/cpp-starter-project/build/CMakeFiles/CMakeTmp

Run Build Command(s):/usr/local/bin/ninja cmTC_d5eb4 && [1/2  50% :: 0.023] Building CXX object CMakeFiles/cmTC_d5eb4.dir/src.cxx.o
FAILED: CMakeFiles/cmTC_d5eb4.dir/src.cxx.o 
/Library/Developer/CommandLineTools/usr/bin/c++ -DHAVE_getauxval  -isysroot /Library/Developer/CommandLineTools/SDKs/MacOSX11.0.sdk -fPIE -std=gnu++17 -MD -MT CMakeFiles/cmTC_d5eb4.dir/src.cxx.o -MF CMakeFiles/cmTC_d5eb4.dir/src.cxx.o.d -o CMakeFiles/cmTC_d5eb4.dir/src.cxx.o -c src.cxx
src.cxx:1:11: fatal error: 'sys/auxv.h' file not found
 #include <sys/auxv.h>
          ^~~~~~~~~~~~
1 error generated.
ninja: build stopped: subcommand failed.


Source file was:
 #include <sys/auxv.h>

int main(void)
{
    /* BEGIN TEST: */
(void) getauxval(AT_NULL);
    /* END TEST: */
    return 0;
}

Performing C++ SOURCE FILE Test HAVE_getentropy failed with the following output:
Change Dir: /Users/valerij/Desktop/cpp-starter-project/build/CMakeFiles/CMakeTmp

Run Build Command(s):/usr/local/bin/ninja cmTC_0622e && [1/2  50% :: 0.037] Building CXX object CMakeFiles/cmTC_0622e.dir/src.cxx.o
FAILED: CMakeFiles/cmTC_0622e.dir/src.cxx.o 
/Library/Developer/CommandLineTools/usr/bin/c++ -DHAVE_getentropy  -isysroot /Library/Developer/CommandLineTools/SDKs/MacOSX11.0.sdk -fPIE -std=gnu++17 -MD -MT CMakeFiles/cmTC_0622e.dir/src.cxx.o -MF CMakeFiles/cmTC_0622e.dir/src.cxx.o.d -o CMakeFiles/cmTC_0622e.dir/src.cxx.o -c src.cxx
src.cxx:7:8: error: use of undeclared identifier 'getentropy'
(void) getentropy(buf, sizeof(buf));
       ^
1 error generated.
ninja: build stopped: subcommand failed.


Source file was:
 #include <unistd.h>

int main(void)
{
    /* BEGIN TEST: */
char buf[32];
(void) getentropy(buf, sizeof(buf));
    /* END TEST: */
    return 0;
}

Performing C++ SOURCE FILE Test HAVE_glibc failed with the following output:
Change Dir: /Users/valerij/Desktop/cpp-starter-project/build/CMakeFiles/CMakeTmp

Run Build Command(s):/usr/local/bin/ninja cmTC_872c2 && [1/2  50% :: 0.080] Building CXX object CMakeFiles/cmTC_872c2.dir/src.cxx.o
FAILED: CMakeFiles/cmTC_872c2.dir/src.cxx.o 
/Library/Developer/CommandLineTools/usr/bin/c++ -DHAVE_glibc  -isysroot /Library/Developer/CommandLineTools/SDKs/MacOSX11.0.sdk -fPIE -std=gnu++17 -MD -MT CMakeFiles/cmTC_872c2.dir/src.cxx.o -MF CMakeFiles/cmTC_872c2.dir/src.cxx.o.d -o CMakeFiles/cmTC_872c2.dir/src.cxx.o -c src.cxx
src.cxx:6:8: error: use of undeclared identifier '__GLIBC__'
return __GLIBC__;
       ^
1 error generated.
ninja: build stopped: subcommand failed.


Source file was:
 #include <stdlib.h>

int main(void)
{
    /* BEGIN TEST: */
return __GLIBC__;
    /* END TEST: */
    return 0;
}

Performing C++ SOURCE FILE Test HAVE_inotify failed with the following output:
Change Dir: /Users/valerij/Desktop/cpp-starter-project/build/CMakeFiles/CMakeTmp

Run Build Command(s):/usr/local/bin/ninja cmTC_a7fa4 && [1/2  50% :: 0.026] Building CXX object CMakeFiles/cmTC_a7fa4.dir/src.cxx.o
FAILED: CMakeFiles/cmTC_a7fa4.dir/src.cxx.o 
/Library/Developer/CommandLineTools/usr/bin/c++ -DHAVE_inotify  -isysroot /Library/Developer/CommandLineTools/SDKs/MacOSX11.0.sdk -fPIE -std=gnu++17 -MD -MT CMakeFiles/cmTC_a7fa4.dir/src.cxx.o -MF CMakeFiles/cmTC_a7fa4.dir/src.cxx.o.d -o CMakeFiles/cmTC_a7fa4.dir/src.cxx.o -c src.cxx
src.cxx:1:11: fatal error: 'sys/inotify.h' file not found
 #include <sys/inotify.h>
          ^~~~~~~~~~~~~~~
1 error generated.
ninja: build stopped: subcommand failed.


Source file was:
 #include <sys/inotify.h>

int main(void)
{
    /* BEGIN TEST: */
inotify_init();
inotify_add_watch(0, "foobar", IN_ACCESS);
inotify_rm_watch(0, 1);
    /* END TEST: */
    return 0;
}

Performing C++ SOURCE FILE Test HAVE_ppoll failed with the following output:
Change Dir: /Users/valerij/Desktop/cpp-starter-project/build/CMakeFiles/CMakeTmp

Run Build Command(s):/usr/local/bin/ninja cmTC_6a4b3 && [1/2  50% :: 0.041] Building CXX object CMakeFiles/cmTC_6a4b3.dir/src.cxx.o
FAILED: CMakeFiles/cmTC_6a4b3.dir/src.cxx.o 
/Library/Developer/CommandLineTools/usr/bin/c++ -DHAVE_ppoll  -isysroot /Library/Developer/CommandLineTools/SDKs/MacOSX11.0.sdk -fPIE -std=gnu++17 -MD -MT CMakeFiles/cmTC_6a4b3.dir/src.cxx.o -MF CMakeFiles/cmTC_6a4b3.dir/src.cxx.o.d -o CMakeFiles/cmTC_6a4b3.dir/src.cxx.o -c src.cxx
src.cxx:8:17: error: variable has incomplete type 'struct timespec'
struct timespec ts;
                ^
src.cxx:8:8: note: forward declaration of 'timespec'
struct timespec ts;
       ^
1 error generated.
ninja: build stopped: subcommand failed.


Source file was:
 #include <signal.h>
#include <poll.h>

int main(void)
{
    /* BEGIN TEST: */
struct pollfd pfd;
struct timespec ts;
sigset_t sig;
ppoll(&pfd, 1, &ts, &sig);
    /* END TEST: */
    return 0;
}

Performing C++ SOURCE FILE Test HAVE_pollts failed with the following output:
Change Dir: /Users/valerij/Desktop/cpp-starter-project/build/CMakeFiles/CMakeTmp

Run Build Command(s):/usr/local/bin/ninja cmTC_ea9e8 && [1/2  50% :: 0.038] Building CXX object CMakeFiles/cmTC_ea9e8.dir/src.cxx.o
FAILED: CMakeFiles/cmTC_ea9e8.dir/src.cxx.o 
/Library/Developer/CommandLineTools/usr/bin/c++ -DHAVE_pollts  -isysroot /Library/Developer/CommandLineTools/SDKs/MacOSX11.0.sdk -fPIE -std=gnu++17 -MD -MT CMakeFiles/cmTC_ea9e8.dir/src.cxx.o -MF CMakeFiles/cmTC_ea9e8.dir/src.cxx.o.d -o CMakeFiles/cmTC_ea9e8.dir/src.cxx.o -c src.cxx
src.cxx:11:1: error: use of undeclared identifier 'pollts'; did you mean 'pollfd'?
pollts(&pfd, 1, &ts, &sig);
^
/Library/Developer/CommandLineTools/SDKs/MacOSX11.0.sdk/usr/include/sys/poll.h:96:8: note: 'pollfd' declared here
struct pollfd {
       ^
1 error generated.
ninja: build stopped: subcommand failed.


Source file was:
 #include <poll.h>
#include <signal.h>
#include <time.h>

int main(void)
{
    /* BEGIN TEST: */
struct pollfd pfd;
struct timespec ts;
sigset_t sig;
pollts(&pfd, 1, &ts, &sig);
    /* END TEST: */
    return 0;
}

Performing C++ SOURCE FILE Test HAVE_renameat2 failed with the following output:
Change Dir: /Users/valerij/Desktop/cpp-starter-project/build/CMakeFiles/CMakeTmp

Run Build Command(s):/usr/local/bin/ninja cmTC_92ed2 && [1/2  50% :: 0.037] Building CXX object CMakeFiles/cmTC_92ed2.dir/src.cxx.o
FAILED: CMakeFiles/cmTC_92ed2.dir/src.cxx.o 
/Library/Developer/CommandLineTools/usr/bin/c++ -DHAVE_renameat2  -isysroot /Library/Developer/CommandLineTools/SDKs/MacOSX11.0.sdk -fPIE -std=gnu++17 -MD -MT CMakeFiles/cmTC_92ed2.dir/src.cxx.o -MF CMakeFiles/cmTC_92ed2.dir/src.cxx.o.d -o CMakeFiles/cmTC_92ed2.dir/src.cxx.o -c src.cxx
src.cxx:8:21: error: use of undeclared identifier 'argv'
renameat2(AT_FDCWD, argv[1], AT_FDCWD, argv[2], RENAME_NOREPLACE | RENAME_WHITEOUT);
                    ^
src.cxx:8:40: error: use of undeclared identifier 'argv'
renameat2(AT_FDCWD, argv[1], AT_FDCWD, argv[2], RENAME_NOREPLACE | RENAME_WHITEOUT);
                                       ^
src.cxx:8:49: error: use of undeclared identifier 'RENAME_NOREPLACE'
renameat2(AT_FDCWD, argv[1], AT_FDCWD, argv[2], RENAME_NOREPLACE | RENAME_WHITEOUT);
                                                ^
src.cxx:8:68: error: use of undeclared identifier 'RENAME_WHITEOUT'
renameat2(AT_FDCWD, argv[1], AT_FDCWD, argv[2], RENAME_NOREPLACE | RENAME_WHITEOUT);
                                                                   ^
4 errors generated.
ninja: build stopped: subcommand failed.


Source file was:
 #define _ATFILE_SOURCE 1
#include <fcntl.h>
#include <stdio.h>

int main(void)
{
    /* BEGIN TEST: */
renameat2(AT_FDCWD, argv[1], AT_FDCWD, argv[2], RENAME_NOREPLACE | RENAME_WHITEOUT);
    /* END TEST: */
    return 0;
}

Performing C++ SOURCE FILE Test HAVE_statx failed with the following output:
Change Dir: /Users/valerij/Desktop/cpp-starter-project/build/CMakeFiles/CMakeTmp

Run Build Command(s):/usr/local/bin/ninja cmTC_e9a25 && [1/2  50% :: 0.043] Building CXX object CMakeFiles/cmTC_e9a25.dir/src.cxx.o
FAILED: CMakeFiles/cmTC_e9a25.dir/src.cxx.o 
/Library/Developer/CommandLineTools/usr/bin/c++ -DHAVE_statx  -isysroot /Library/Developer/CommandLineTools/SDKs/MacOSX11.0.sdk -fPIE -std=gnu++17 -MD -MT CMakeFiles/cmTC_e9a25.dir/src.cxx.o -MF CMakeFiles/cmTC_e9a25.dir/src.cxx.o.d -o CMakeFiles/cmTC_e9a25.dir/src.cxx.o -c src.cxx
src.cxx:10:14: error: variable has incomplete type 'struct statx'
struct statx statxbuf;
             ^
src.cxx:10:8: note: forward declaration of 'statx'
struct statx statxbuf;
       ^
src.cxx:11:21: error: use of undeclared identifier 'STATX_BASIC_STATS'
unsigned int mask = STATX_BASIC_STATS;
                    ^
src.cxx:12:28: error: use of undeclared identifier 'AT_STATX_SYNC_AS_STAT'
return statx(AT_FDCWD, "", AT_STATX_SYNC_AS_STAT, mask, &statxbuf);
                           ^
3 errors generated.
ninja: build stopped: subcommand failed.


Source file was:
 #define _ATFILE_SOURCE 1
#include <sys/types.h>
#include <sys/stat.h>
#include <unistd.h>
#include <fcntl.h>

int main(void)
{
    /* BEGIN TEST: */
struct statx statxbuf;
unsigned int mask = STATX_BASIC_STATS;
return statx(AT_FDCWD, "", AT_STATX_SYNC_AS_STAT, mask, &statxbuf);
    /* END TEST: */
    return 0;
}

Performing C++ SOURCE FILE Test HAVE_xlocalescanprint failed with the following output:
Change Dir: /Users/valerij/Desktop/cpp-starter-project/build/CMakeFiles/CMakeTmp

Run Build Command(s):/usr/local/bin/ninja cmTC_bc409 && [1/2  50% :: 0.025] Building CXX object CMakeFiles/cmTC_bc409.dir/src.cxx.o
FAILED: CMakeFiles/cmTC_bc409.dir/src.cxx.o 
/Library/Developer/CommandLineTools/usr/bin/c++ -DHAVE_xlocalescanprint  -isysroot /Library/Developer/CommandLineTools/SDKs/MacOSX11.0.sdk -fPIE -std=gnu++17 -MD -MT CMakeFiles/cmTC_bc409.dir/src.cxx.o -MF CMakeFiles/cmTC_bc409.dir/src.cxx.o.d -o CMakeFiles/cmTC_bc409.dir/src.cxx.o -c src.cxx
src.cxx:10:10: error: expected "FILENAME" or <FILENAME>
#include QDSP_P_H
         ^
src.cxx:18:1: error: unknown type name 'locale_t'
locale_t invalidLocale = NULL;
^
src.cxx:18:26: error: use of undeclared identifier 'NULL'
locale_t invalidLocale = NULL;
                         ^
src.cxx:21:17: error: use of undeclared identifier 'argv'
qDoubleSnprintf(argv[0], 1, invalidLocale, "invalid format", a);
                ^
src.cxx:22:15: error: use of undeclared identifier 'argv'
qDoubleSscanf(argv[0], invalidLocale, "invalid format", &a, &argc);
              ^
src.cxx:22:62: error: use of undeclared identifier 'argc'
qDoubleSscanf(argv[0], invalidLocale, "invalid format", &a, &argc);
                                                             ^
6 errors generated.
ninja: build stopped: subcommand failed.


Source file was:
 #define QT_BEGIN_NAMESPACE
#define QT_END_NAMESPACE

#ifdef _MSVC_VER
#define Q_CC_MSVC _MSVC_VER
#endif

#define QT_NO_DOUBLECONVERSION

#include QDSP_P_H

int main(void)
{
    /* BEGIN TEST: */
#ifdef _MSVC_VER
_locale_t invalidLocale = NULL;
#else
locale_t invalidLocale = NULL;
#endif
double a = 3.4;
qDoubleSnprintf(argv[0], 1, invalidLocale, "invalid format", a);
qDoubleSscanf(argv[0], invalidLocale, "invalid format", &a, &argc);
    /* END TEST: */
    return 0;
}

Performing C++ SOURCE FILE Test HAVE_ifr_index failed with the following output:
Change Dir: /Users/valerij/Desktop/cpp-starter-project/build/CMakeFiles/CMakeTmp

Run Build Command(s):/usr/local/bin/ninja cmTC_6ebe2 && [1/2  50% :: 0.053] Building CXX object CMakeFiles/cmTC_6ebe2.dir/src.cxx.o
FAILED: CMakeFiles/cmTC_6ebe2.dir/src.cxx.o 
/Library/Developer/CommandLineTools/usr/bin/c++ -DHAVE_ifr_index  -isysroot /Library/Developer/CommandLineTools/SDKs/MacOSX11.0.sdk -fPIE -std=gnu++17 -MD -MT CMakeFiles/cmTC_6ebe2.dir/src.cxx.o -MF CMakeFiles/cmTC_6ebe2.dir/src.cxx.o.d -o CMakeFiles/cmTC_6ebe2.dir/src.cxx.o -c src.cxx
src.cxx:7:5: error: no member named 'ifr_index' in 'ifreq'
req.ifr_index = 0;
~~~ ^
1 error generated.
ninja: build stopped: subcommand failed.


Source file was:
 #include <net/if.h>

int main(void)
{
    /* BEGIN TEST: */
struct ifreq req;
req.ifr_index = 0;
    /* END TEST: */
    return 0;
}

Performing C++ SOURCE FILE Test HAVE_linux_netlink failed with the following output:
Change Dir: /Users/valerij/Desktop/cpp-starter-project/build/CMakeFiles/CMakeTmp

Run Build Command(s):/usr/local/bin/ninja cmTC_7f61c && [1/2  50% :: 0.035] Building CXX object CMakeFiles/cmTC_7f61c.dir/src.cxx.o
FAILED: CMakeFiles/cmTC_7f61c.dir/src.cxx.o 
/Library/Developer/CommandLineTools/usr/bin/c++ -DHAVE_linux_netlink  -isysroot /Library/Developer/CommandLineTools/SDKs/MacOSX11.0.sdk -fPIE -std=gnu++17 -MD -MT CMakeFiles/cmTC_7f61c.dir/src.cxx.o -MF CMakeFiles/cmTC_7f61c.dir/src.cxx.o.d -o CMakeFiles/cmTC_7f61c.dir/src.cxx.o -c src.cxx
src.cxx:1:11: fatal error: 'asm/types.h' file not found
 #include <asm/types.h>
          ^~~~~~~~~~~~~
1 error generated.
ninja: build stopped: subcommand failed.


Source file was:
 #include <asm/types.h>
#include <linux/netlink.h>
#include <linux/rtnetlink.h>
#include <sys/socket.h>

int main(void)
{
    /* BEGIN TEST: */
struct rtattr rta = { };
struct ifinfomsg ifi = {};
struct ifaddrmsg ifa = {};
struct ifa_cacheinfo ci;
ci.ifa_prefered = ci.ifa_valid = 0;
(void)RTM_NEWLINK; (void)RTM_NEWADDR;
(void)IFLA_ADDRESS; (void)IFLA_IFNAME;
(void)IFA_ADDRESS; (void)IFA_LABEL; (void)IFA_CACHEINFO;
(void)(IFA_F_SECONDARY | IFA_F_DEPRECATED | IFA_F_PERMANENT | IFA_F_MANAGETEMPADDR);
    /* END TEST: */
    return 0;
}

Performing C++ SOURCE FILE Test HAVE_sctp failed with the following output:
Change Dir: /Users/valerij/Desktop/cpp-starter-project/build/CMakeFiles/CMakeTmp

Run Build Command(s):/usr/local/bin/ninja cmTC_d6baa && [1/2  50% :: 0.051] Building CXX object CMakeFiles/cmTC_d6baa.dir/src.cxx.o
FAILED: CMakeFiles/cmTC_d6baa.dir/src.cxx.o 
/Library/Developer/CommandLineTools/usr/bin/c++ -DHAVE_sctp  -isysroot /Library/Developer/CommandLineTools/SDKs/MacOSX11.0.sdk -fPIE -std=gnu++17 -MD -MT CMakeFiles/cmTC_d6baa.dir/src.cxx.o -MF CMakeFiles/cmTC_d6baa.dir/src.cxx.o.d -o CMakeFiles/cmTC_d6baa.dir/src.cxx.o -c src.cxx
src.cxx:4:10: fatal error: 'netinet/sctp.h' file not found
#include <netinet/sctp.h>
         ^~~~~~~~~~~~~~~~
1 error generated.
ninja: build stopped: subcommand failed.


Source file was:
 #include <sys/types.h>
#include <sys/socket.h>
#include <netinet/in.h>
#include <netinet/sctp.h>

int main(void)
{
    /* BEGIN TEST: */
sctp_initmsg sctpInitMsg;
socklen_t sctpInitMsgSize = sizeof(sctpInitMsg);
(void) socket(PF_INET, SOCK_STREAM, IPPROTO_SCTP);
(void) getsockopt(-1, SOL_SCTP, SCTP_INITMSG, &sctpInitMsg, &sctpInitMsgSize);
    /* END TEST: */
    return 0;
}

Performing C++ SOURCE FILE Test HAVE_networklistmanager failed with the following output:
Change Dir: /Users/valerij/Desktop/cpp-starter-project/build/CMakeFiles/CMakeTmp

Run Build Command(s):/usr/local/bin/ninja cmTC_47200 && [1/2  50% :: 0.025] Building CXX object CMakeFiles/cmTC_47200.dir/src.cxx.o
FAILED: CMakeFiles/cmTC_47200.dir/src.cxx.o 
/Library/Developer/CommandLineTools/usr/bin/c++ -DHAVE_networklistmanager  -isysroot /Library/Developer/CommandLineTools/SDKs/MacOSX11.0.sdk -fPIE -std=gnu++17 -MD -MT CMakeFiles/cmTC_47200.dir/src.cxx.o -MF CMakeFiles/cmTC_47200.dir/src.cxx.o.d -o CMakeFiles/cmTC_47200.dir/src.cxx.o -c src.cxx
src.cxx:1:11: fatal error: 'netlistmgr.h' file not found
 #include <netlistmgr.h>
          ^~~~~~~~~~~~~~
1 error generated.
ninja: build stopped: subcommand failed.


Source file was:
 #include <netlistmgr.h>
#include <wrl/client.h>

int main(void)
{
    /* BEGIN TEST: */
using namespace Microsoft::WRL;
ComPtr<INetworkListManager> networkListManager;
ComPtr<IConnectionPoint> connectionPoint;
ComPtr<IConnectionPointContainer> connectionPointContainer;
networkListManager.As(&connectionPointContainer);
connectionPointContainer->FindConnectionPoint(IID_INetworkConnectionEvents, &connectionPoint);
    /* END TEST: */
    return 0;
}

Performing C++ SOURCE FILE Test HAVE_EGL failed with the following output:
Change Dir: /Users/valerij/Desktop/cpp-starter-project/build/CMakeFiles/CMakeTmp

Run Build Command(s):/usr/local/bin/ninja cmTC_22421 && [1/2  50% :: 0.023] Building CXX object CMakeFiles/cmTC_22421.dir/src.cxx.o
FAILED: CMakeFiles/cmTC_22421.dir/src.cxx.o 
/Library/Developer/CommandLineTools/usr/bin/c++ -DHAVE_EGL  -isysroot /Library/Developer/CommandLineTools/SDKs/MacOSX11.0.sdk -fPIE -std=gnu++17 -MD -MT CMakeFiles/cmTC_22421.dir/src.cxx.o -MF CMakeFiles/cmTC_22421.dir/src.cxx.o.d -o CMakeFiles/cmTC_22421.dir/src.cxx.o -c src.cxx
src.cxx:2:10: fatal error: 'EGL/egl.h' file not found
#include <EGL/egl.h>
         ^~~~~~~~~~~
1 error generated.
ninja: build stopped: subcommand failed.


Source file was:

#include <EGL/egl.h>

int main(int argc, char *argv[]) {
    EGLint x = 0; EGLDisplay dpy = 0; EGLContext ctx = 0;
    eglDestroyContext(dpy, ctx);
}
Performing C++ SOURCE FILE Test HAVE_GLESv2 failed with the following output:
Change Dir: /Users/valerij/Desktop/cpp-starter-project/build/CMakeFiles/CMakeTmp

Run Build Command(s):/usr/local/bin/ninja cmTC_1954b && [1/2  50% :: 0.024] Building CXX object CMakeFiles/cmTC_1954b.dir/src.cxx.o
FAILED: CMakeFiles/cmTC_1954b.dir/src.cxx.o 
/Library/Developer/CommandLineTools/usr/bin/c++ -DHAVE_GLESv2  -isysroot /Library/Developer/CommandLineTools/SDKs/MacOSX11.0.sdk -fPIE -std=gnu++17 -MD -MT CMakeFiles/cmTC_1954b.dir/src.cxx.o -MF CMakeFiles/cmTC_1954b.dir/src.cxx.o.d -o CMakeFiles/cmTC_1954b.dir/src.cxx.o -c src.cxx
src.cxx:3:12: fatal error: 'OpenGLES/ES2/gl.h' file not found
#  include <OpenGLES/ES2/gl.h>
           ^~~~~~~~~~~~~~~~~~~
1 error generated.
ninja: build stopped: subcommand failed.


Source file was:

#ifdef __APPLE__
#  include <OpenGLES/ES2/gl.h>
#else
#  define GL_GLEXT_PROTOTYPES
#  include <GLES2/gl2.h>
#endif

int main(int argc, char *argv[]) {
    glUniform1f(1, GLfloat(1.0));
    glClear(GL_COLOR_BUFFER_BIT);
}
Performing C++ SOURCE FILE Test HAVE_evdev failed with the following output:
Change Dir: /Users/valerij/Desktop/cpp-starter-project/build/CMakeFiles/CMakeTmp

Run Build Command(s):/usr/local/bin/ninja cmTC_e7a89 && [1/2  50% :: 0.024] Building CXX object CMakeFiles/cmTC_e7a89.dir/src.cxx.o
FAILED: CMakeFiles/cmTC_e7a89.dir/src.cxx.o 
/Library/Developer/CommandLineTools/usr/bin/c++ -DHAVE_evdev  -isysroot /Library/Developer/CommandLineTools/SDKs/MacOSX11.0.sdk -fPIE -std=gnu++17 -MD -MT CMakeFiles/cmTC_e7a89.dir/src.cxx.o -MF CMakeFiles/cmTC_e7a89.dir/src.cxx.o.d -o CMakeFiles/cmTC_e7a89.dir/src.cxx.o -c src.cxx
src.cxx:4:12: fatal error: 'linux/input.h' file not found
#  include <linux/input.h>
           ^~~~~~~~~~~~~~~
1 error generated.
ninja: build stopped: subcommand failed.


Source file was:
 #if defined(__FreeBSD__)
#  include <dev/evdev/input.h>
#else
#  include <linux/input.h>
#  include <linux/kd.h>
#endif
enum {
    e1 = ABS_PRESSURE,
    e2 = ABS_X,
    e3 = REL_X,
    e4 = SYN_REPORT,
};

int main(void)
{
    /* BEGIN TEST: */
input_event buf[32];
(void) buf;
    /* END TEST: */
    return 0;
}

Performing C++ SOURCE FILE Test HAVE_integrityfb failed with the following output:
Change Dir: /Users/valerij/Desktop/cpp-starter-project/build/CMakeFiles/CMakeTmp

Run Build Command(s):/usr/local/bin/ninja cmTC_23a20 && [1/2  50% :: 0.026] Building CXX object CMakeFiles/cmTC_23a20.dir/src.cxx.o
FAILED: CMakeFiles/cmTC_23a20.dir/src.cxx.o 
/Library/Developer/CommandLineTools/usr/bin/c++ -DHAVE_integrityfb  -isysroot /Library/Developer/CommandLineTools/SDKs/MacOSX11.0.sdk -fPIE -std=gnu++17 -MD -MT CMakeFiles/cmTC_23a20.dir/src.cxx.o -MF CMakeFiles/cmTC_23a20.dir/src.cxx.o.d -o CMakeFiles/cmTC_23a20.dir/src.cxx.o -c src.cxx
src.cxx:1:11: fatal error: 'device/fbdriver.h' file not found
 #include <device/fbdriver.h>
          ^~~~~~~~~~~~~~~~~~~
1 error generated.
ninja: build stopped: subcommand failed.


Source file was:
 #include <device/fbdriver.h>

int main(void)
{
    /* BEGIN TEST: */
FBDriver *driver = 0;
    /* END TEST: */
    return 0;
}

Performing C++ SOURCE FILE Test HAVE_linuxfb failed with the following output:
Change Dir: /Users/valerij/Desktop/cpp-starter-project/build/CMakeFiles/CMakeTmp

Run Build Command(s):/usr/local/bin/ninja cmTC_6dba2 && [1/2  50% :: 0.028] Building CXX object CMakeFiles/cmTC_6dba2.dir/src.cxx.o
FAILED: CMakeFiles/cmTC_6dba2.dir/src.cxx.o 
/Library/Developer/CommandLineTools/usr/bin/c++ -DHAVE_linuxfb  -isysroot /Library/Developer/CommandLineTools/SDKs/MacOSX11.0.sdk -fPIE -std=gnu++17 -MD -MT CMakeFiles/cmTC_6dba2.dir/src.cxx.o -MF CMakeFiles/cmTC_6dba2.dir/src.cxx.o.d -o CMakeFiles/cmTC_6dba2.dir/src.cxx.o -c src.cxx
src.cxx:1:11: fatal error: 'linux/fb.h' file not found
 #include <linux/fb.h>
          ^~~~~~~~~~~~
1 error generated.
ninja: build stopped: subcommand failed.


Source file was:
 #include <linux/fb.h>
#include <sys/kd.h>
#include <sys/ioctl.h>

int main(void)
{
    /* BEGIN TEST: */
fb_fix_screeninfo finfo;
fb_var_screeninfo vinfo;
int fd = 3;
ioctl(fd, FBIOGET_FSCREENINFO, &finfo);
ioctl(fd, FBIOGET_VSCREENINFO, &vinfo);
    /* END TEST: */
    return 0;
}

Performing C++ SOURCE FILE Test HAVE_directwrite failed with the following output:
Change Dir: /Users/valerij/Desktop/cpp-starter-project/build/CMakeFiles/CMakeTmp

Run Build Command(s):/usr/local/bin/ninja cmTC_994df && [1/2  50% :: 0.024] Building CXX object CMakeFiles/cmTC_994df.dir/src.cxx.o
FAILED: CMakeFiles/cmTC_994df.dir/src.cxx.o 
/Library/Developer/CommandLineTools/usr/bin/c++ -DHAVE_directwrite  -isysroot /Library/Developer/CommandLineTools/SDKs/MacOSX11.0.sdk -fPIE -std=gnu++17 -MD -MT CMakeFiles/cmTC_994df.dir/src.cxx.o -MF CMakeFiles/cmTC_994df.dir/src.cxx.o.d -o CMakeFiles/cmTC_994df.dir/src.cxx.o -c src.cxx
src.cxx:1:11: fatal error: 'dwrite_2.h' file not found
 #include <dwrite_2.h>
          ^~~~~~~~~~~~
1 error generated.
ninja: build stopped: subcommand failed.


Source file was:
 #include <dwrite_2.h>
int main(int, char **)
{
    IUnknown *factory = nullptr;
    DWriteCreateFactory(DWRITE_FACTORY_TYPE_SHARED, __uuidof(IDWriteFactory2),
                        &factory);
    return 0;
}

Performing C++ SOURCE FILE Test HAVE_directwrite3 failed with the following output:
Change Dir: /Users/valerij/Desktop/cpp-starter-project/build/CMakeFiles/CMakeTmp

Run Build Command(s):/usr/local/bin/ninja cmTC_1c1c0 && [1/2  50% :: 0.025] Building CXX object CMakeFiles/cmTC_1c1c0.dir/src.cxx.o
FAILED: CMakeFiles/cmTC_1c1c0.dir/src.cxx.o 
/Library/Developer/CommandLineTools/usr/bin/c++ -DHAVE_directwrite3  -isysroot /Library/Developer/CommandLineTools/SDKs/MacOSX11.0.sdk -fPIE -std=gnu++17 -MD -MT CMakeFiles/cmTC_1c1c0.dir/src.cxx.o -MF CMakeFiles/cmTC_1c1c0.dir/src.cxx.o.d -o CMakeFiles/cmTC_1c1c0.dir/src.cxx.o -c src.cxx
src.cxx:1:11: fatal error: 'dwrite_3.h' file not found
 #include <dwrite_3.h>
          ^~~~~~~~~~~~
1 error generated.
ninja: build stopped: subcommand failed.


Source file was:
 #include <dwrite_3.h>
int main(int, char **)
{
    IUnknown *factory = nullptr;
    DWriteCreateFactory(DWRITE_FACTORY_TYPE_SHARED, __uuidof(IDWriteFactory3),
                        &factory);
    return 0;
}

Performing C++ SOURCE FILE Test HAVE_d2d1 failed with the following output:
Change Dir: /Users/valerij/Desktop/cpp-starter-project/build/CMakeFiles/CMakeTmp

Run Build Command(s):/usr/local/bin/ninja cmTC_9afaf && [1/2  50% :: 0.025] Building CXX object CMakeFiles/cmTC_9afaf.dir/src.cxx.o
FAILED: CMakeFiles/cmTC_9afaf.dir/src.cxx.o 
/Library/Developer/CommandLineTools/usr/bin/c++ -DHAVE_d2d1  -isysroot /Library/Developer/CommandLineTools/SDKs/MacOSX11.0.sdk -fPIE -std=gnu++17 -MD -MT CMakeFiles/cmTC_9afaf.dir/src.cxx.o -MF CMakeFiles/cmTC_9afaf.dir/src.cxx.o.d -o CMakeFiles/cmTC_9afaf.dir/src.cxx.o -c src.cxx
src.cxx:1:11: fatal error: 'd2d1.h' file not found
 #include <d2d1.h>
          ^~~~~~~~
1 error generated.
ninja: build stopped: subcommand failed.


Source file was:
 #include <d2d1.h>
int main(int, char **)
{
    void *factory = nullptr;
    D2D1_FACTORY_OPTIONS options;
    ZeroMemory(&options, sizeof(D2D1_FACTORY_OPTIONS));
    D2D1CreateFactory(D2D1_FACTORY_TYPE_SINGLE_THREADED, GUID{}, &options, &factory);
    return 0;
}

Performing C++ SOURCE FILE Test HAVE_d2d1_1 failed with the following output:
Change Dir: /Users/valerij/Desktop/cpp-starter-project/build/CMakeFiles/CMakeTmp

Run Build Command(s):/usr/local/bin/ninja cmTC_de346 && [1/2  50% :: 0.026] Building CXX object CMakeFiles/cmTC_de346.dir/src.cxx.o
FAILED: CMakeFiles/cmTC_de346.dir/src.cxx.o 
/Library/Developer/CommandLineTools/usr/bin/c++ -DHAVE_d2d1_1  -isysroot /Library/Developer/CommandLineTools/SDKs/MacOSX11.0.sdk -fPIE -std=gnu++17 -MD -MT CMakeFiles/cmTC_de346.dir/src.cxx.o -MF CMakeFiles/cmTC_de346.dir/src.cxx.o.d -o CMakeFiles/cmTC_de346.dir/src.cxx.o -c src.cxx
src.cxx:1:11: fatal error: 'd2d1_1.h' file not found
 #include <d2d1_1.h>
          ^~~~~~~~~~
1 error generated.
ninja: build stopped: subcommand failed.


Source file was:
 #include <d2d1_1.h>
int main(int, char **)
{
    ID2D1Factory1 *d2dFactory;
    D2D1CreateFactory(D2D1_FACTORY_TYPE_SINGLE_THREADED, &d2dFactory);
    return 0;
}

Performing C++ SOURCE FILE Test HAVE_DASH_DASH_NO_UNDEFINED failed with the following output:
Change Dir: /Users/valerij/Desktop/cpp-starter-project/build/CMakeFiles/CMakeTmp

Run Build Command(s):/usr/local/bin/ninja cmTC_c2619 && [1/2  50% :: 0.029] Building CXX object CMakeFiles/cmTC_c2619.dir/src.cxx.o
[2/2 100% :: 0.053] Linking CXX executable cmTC_c2619
FAILED: cmTC_c2619 
: && /Library/Developer/CommandLineTools/usr/bin/c++ -isysroot /Library/Developer/CommandLineTools/SDKs/MacOSX11.0.sdk -Wl,-search_paths_first -Wl,-headerpad_max_install_names -Wl,--no-undefined CMakeFiles/cmTC_c2619.dir/src.cxx.o -o cmTC_c2619   && :
ld: unknown option: --no-undefined
clang: error: linker command failed with exit code 1 (use -v to see invocation)
ninja: build stopped: subcommand failed.


Source file was:
int main() {}
